-------------------------------------------------------------------------------
Test set: KaratePractice.PracticeTest
-------------------------------------------------------------------------------
Tests run: 2, Failures: 1, Errors: 0, Skipped: 0, Time elapsed: 8.829 s <<< FAILURE! - in KaratePractice.PracticeTest
testAll[2][1]  Time elapsed: 7.174 s  <<< FAILURE!
org.opentest4j.AssertionFailedError: UI.feature:11 - path: $, actual: '', expected: 'testwwwwwwwwwwwwwwww', reason: not equal

